  [1m[36m (3.3ms)[0m  [1mCREATE TABLE "schema_migrations" ("version" varchar NOT NULL) [0m
  [1m[35m (0.8ms)[0m  select sqlite_version(*)
  [1m[36m (3.3ms)[0m  [1mCREATE UNIQUE INDEX "unique_schema_migrations" ON "schema_migrations" ("version")[0m
  [1m[35mActiveRecord::SchemaMigration Load (0.2ms)[0m  SELECT "schema_migrations".* FROM "schema_migrations"


Started GET "/" for ::1 at 2016-04-28 17:10:34 +0200
Processing by PokemonController#index as HTML
Completed 500 Internal Server Error in 120447ms (ActiveRecord: 0.0ms)

Net::ReadTimeout (Net::ReadTimeout):
  app/models/pokemon_api.rb:14:in `request'
  app/controllers/pokemon_controller.rb:3:in `index'


  Rendered /Users/kimbielby/.rvm/gems/ruby-2.2.2/gems/actionpack-4.2.4/lib/action_dispatch/middleware/templates/rescues/_source.erb (8.5ms)
  Rendered /Users/kimbielby/.rvm/gems/ruby-2.2.2/gems/actionpack-4.2.4/lib/action_dispatch/middleware/templates/rescues/_trace.html.erb (3.5ms)
  Rendered /Users/kimbielby/.rvm/gems/ruby-2.2.2/gems/actionpack-4.2.4/lib/action_dispatch/middleware/templates/rescues/_request_and_response.html.erb (19.8ms)
  Rendered /Users/kimbielby/.rvm/gems/ruby-2.2.2/gems/actionpack-4.2.4/lib/action_dispatch/middleware/templates/rescues/diagnostics.html.erb within rescues/layout (93.7ms)
  Rendered /Users/kimbielby/.rvm/gems/ruby-2.2.2/gems/web-console-2.2.1/lib/web_console/templates/_markup.html.erb (0.5ms)
  Rendered /Users/kimbielby/.rvm/gems/ruby-2.2.2/gems/web-console-2.2.1/lib/web_console/templates/_inner_console_markup.html.erb within layouts/inlined_string (0.6ms)
  Rendered /Users/kimbielby/.rvm/gems/ruby-2.2.2/gems/web-console-2.2.1/lib/web_console/templates/_prompt_box_markup.html.erb within layouts/inlined_string (0.5ms)
  Rendered /Users/kimbielby/.rvm/gems/ruby-2.2.2/gems/web-console-2.2.1/lib/web_console/templates/style.css.erb within layouts/inlined_string (0.6ms)
  Rendered /Users/kimbielby/.rvm/gems/ruby-2.2.2/gems/web-console-2.2.1/lib/web_console/templates/console.js.erb within layouts/javascript (72.0ms)
  Rendered /Users/kimbielby/.rvm/gems/ruby-2.2.2/gems/web-console-2.2.1/lib/web_console/templates/main.js.erb within layouts/javascript (0.6ms)
  Rendered /Users/kimbielby/.rvm/gems/ruby-2.2.2/gems/web-console-2.2.1/lib/web_console/templates/error_page.js.erb within layouts/javascript (0.8ms)
  Rendered /Users/kimbielby/.rvm/gems/ruby-2.2.2/gems/web-console-2.2.1/lib/web_console/templates/index.html.erb (157.6ms)


Started GET "/pokedex" for ::1 at 2016-04-28 17:12:35 +0200

ActionController::RoutingError (No route matches [GET] "/pokedex"):
  actionpack (4.2.4) lib/action_dispatch/middleware/debug_exceptions.rb:21:in `call'
  web-console (2.2.1) lib/web_console/middleware.rb:39:in `call'
  actionpack (4.2.4) lib/action_dispatch/middleware/show_exceptions.rb:30:in `call'
  railties (4.2.4) lib/rails/rack/logger.rb:38:in `call_app'
  railties (4.2.4) lib/rails/rack/logger.rb:20:in `block in call'
  activesupport (4.2.4) lib/active_support/tagged_logging.rb:68:in `block in tagged'
  activesupport (4.2.4) lib/active_support/tagged_logging.rb:26:in `tagged'
  activesupport (4.2.4) lib/active_support/tagged_logging.rb:68:in `tagged'
  railties (4.2.4) lib/rails/rack/logger.rb:20:in `call'
  actionpack (4.2.4) lib/action_dispatch/middleware/request_id.rb:21:in `call'
  rack (1.6.4) lib/rack/methodoverride.rb:22:in `call'
  rack (1.6.4) lib/rack/runtime.rb:18:in `call'
  activesupport (4.2.4) lib/active_support/cache/strategy/local_cache_middleware.rb:28:in `call'
  rack (1.6.4) lib/rack/lock.rb:17:in `call'
  actionpack (4.2.4) lib/action_dispatch/middleware/static.rb:116:in `call'
  rack (1.6.4) lib/rack/sendfile.rb:113:in `call'
  railties (4.2.4) lib/rails/engine.rb:518:in `call'
  railties (4.2.4) lib/rails/application.rb:165:in `call'
  rack (1.6.4) lib/rack/lock.rb:17:in `call'
  rack (1.6.4) lib/rack/content_length.rb:15:in `call'
  rack (1.6.4) lib/rack/handler/webrick.rb:88:in `service'
  /Users/kimbielby/.rvm/rubies/ruby-2.2.2/lib/ruby/2.2.0/webrick/httpserver.rb:138:in `service'
  /Users/kimbielby/.rvm/rubies/ruby-2.2.2/lib/ruby/2.2.0/webrick/httpserver.rb:94:in `run'
  /Users/kimbielby/.rvm/rubies/ruby-2.2.2/lib/ruby/2.2.0/webrick/server.rb:294:in `block in start_thread'


  Rendered /Users/kimbielby/.rvm/gems/ruby-2.2.2/gems/actionpack-4.2.4/lib/action_dispatch/middleware/templates/rescues/_trace.html.erb (1.2ms)
  Rendered /Users/kimbielby/.rvm/gems/ruby-2.2.2/gems/actionpack-4.2.4/lib/action_dispatch/middleware/templates/routes/_route.html.erb (0.9ms)
  Rendered /Users/kimbielby/.rvm/gems/ruby-2.2.2/gems/actionpack-4.2.4/lib/action_dispatch/middleware/templates/routes/_table.html.erb (24.3ms)
  Rendered /Users/kimbielby/.rvm/gems/ruby-2.2.2/gems/actionpack-4.2.4/lib/action_dispatch/middleware/templates/rescues/_request_and_response.html.erb (1.0ms)
  Rendered /Users/kimbielby/.rvm/gems/ruby-2.2.2/gems/actionpack-4.2.4/lib/action_dispatch/middleware/templates/rescues/routing_error.html.erb within rescues/layout (92.2ms)
  Rendered /Users/kimbielby/.rvm/gems/ruby-2.2.2/gems/web-console-2.2.1/lib/web_console/templates/_markup.html.erb (0.4ms)
  Rendered /Users/kimbielby/.rvm/gems/ruby-2.2.2/gems/web-console-2.2.1/lib/web_console/templates/_inner_console_markup.html.erb within layouts/inlined_string (0.3ms)
  Rendered /Users/kimbielby/.rvm/gems/ruby-2.2.2/gems/web-console-2.2.1/lib/web_console/templates/_prompt_box_markup.html.erb within layouts/inlined_string (0.3ms)
  Rendered /Users/kimbielby/.rvm/gems/ruby-2.2.2/gems/web-console-2.2.1/lib/web_console/templates/style.css.erb within layouts/inlined_string (0.4ms)
  Rendered /Users/kimbielby/.rvm/gems/ruby-2.2.2/gems/web-console-2.2.1/lib/web_console/templates/console.js.erb within layouts/javascript (37.6ms)
  Rendered /Users/kimbielby/.rvm/gems/ruby-2.2.2/gems/web-console-2.2.1/lib/web_console/templates/main.js.erb within layouts/javascript (0.5ms)
  Rendered /Users/kimbielby/.rvm/gems/ruby-2.2.2/gems/web-console-2.2.1/lib/web_console/templates/error_page.js.erb within layouts/javascript (0.3ms)
  Rendered /Users/kimbielby/.rvm/gems/ruby-2.2.2/gems/web-console-2.2.1/lib/web_console/templates/index.html.erb (91.5ms)


Started GET "/pokedex" for ::1 at 2016-04-28 17:12:35 +0200

ActionController::RoutingError (No route matches [GET] "/pokedex"):
  actionpack (4.2.4) lib/action_dispatch/middleware/debug_exceptions.rb:21:in `call'
  web-console (2.2.1) lib/web_console/middleware.rb:39:in `call'
  actionpack (4.2.4) lib/action_dispatch/middleware/show_exceptions.rb:30:in `call'
  railties (4.2.4) lib/rails/rack/logger.rb:38:in `call_app'
  railties (4.2.4) lib/rails/rack/logger.rb:20:in `block in call'
  activesupport (4.2.4) lib/active_support/tagged_logging.rb:68:in `block in tagged'
  activesupport (4.2.4) lib/active_support/tagged_logging.rb:26:in `tagged'
  activesupport (4.2.4) lib/active_support/tagged_logging.rb:68:in `tagged'
  railties (4.2.4) lib/rails/rack/logger.rb:20:in `call'
  actionpack (4.2.4) lib/action_dispatch/middleware/request_id.rb:21:in `call'
  rack (1.6.4) lib/rack/methodoverride.rb:22:in `call'
  rack (1.6.4) lib/rack/runtime.rb:18:in `call'
  activesupport (4.2.4) lib/active_support/cache/strategy/local_cache_middleware.rb:28:in `call'
  rack (1.6.4) lib/rack/lock.rb:17:in `call'
  actionpack (4.2.4) lib/action_dispatch/middleware/static.rb:116:in `call'
  rack (1.6.4) lib/rack/sendfile.rb:113:in `call'
  railties (4.2.4) lib/rails/engine.rb:518:in `call'
  railties (4.2.4) lib/rails/application.rb:165:in `call'
  rack (1.6.4) lib/rack/lock.rb:17:in `call'
  rack (1.6.4) lib/rack/content_length.rb:15:in `call'
  rack (1.6.4) lib/rack/handler/webrick.rb:88:in `service'
  /Users/kimbielby/.rvm/rubies/ruby-2.2.2/lib/ruby/2.2.0/webrick/httpserver.rb:138:in `service'
  /Users/kimbielby/.rvm/rubies/ruby-2.2.2/lib/ruby/2.2.0/webrick/httpserver.rb:94:in `run'
  /Users/kimbielby/.rvm/rubies/ruby-2.2.2/lib/ruby/2.2.0/webrick/server.rb:294:in `block in start_thread'


  Rendered /Users/kimbielby/.rvm/gems/ruby-2.2.2/gems/actionpack-4.2.4/lib/action_dispatch/middleware/templates/rescues/_trace.html.erb (1.2ms)
  Rendered /Users/kimbielby/.rvm/gems/ruby-2.2.2/gems/actionpack-4.2.4/lib/action_dispatch/middleware/templates/routes/_route.html.erb (0.7ms)
  Rendered /Users/kimbielby/.rvm/gems/ruby-2.2.2/gems/actionpack-4.2.4/lib/action_dispatch/middleware/templates/routes/_table.html.erb (1.1ms)
  Rendered /Users/kimbielby/.rvm/gems/ruby-2.2.2/gems/actionpack-4.2.4/lib/action_dispatch/middleware/templates/rescues/_request_and_response.html.erb (0.9ms)
  Rendered /Users/kimbielby/.rvm/gems/ruby-2.2.2/gems/actionpack-4.2.4/lib/action_dispatch/middleware/templates/rescues/routing_error.html.erb within rescues/layout (51.0ms)
  Rendered /Users/kimbielby/.rvm/gems/ruby-2.2.2/gems/web-console-2.2.1/lib/web_console/templates/_markup.html.erb (0.3ms)
  Rendered /Users/kimbielby/.rvm/gems/ruby-2.2.2/gems/web-console-2.2.1/lib/web_console/templates/_inner_console_markup.html.erb within layouts/inlined_string (0.3ms)
  Rendered /Users/kimbielby/.rvm/gems/ruby-2.2.2/gems/web-console-2.2.1/lib/web_console/templates/_prompt_box_markup.html.erb within layouts/inlined_string (0.2ms)
  Rendered /Users/kimbielby/.rvm/gems/ruby-2.2.2/gems/web-console-2.2.1/lib/web_console/templates/style.css.erb within layouts/inlined_string (0.3ms)
  Rendered /Users/kimbielby/.rvm/gems/ruby-2.2.2/gems/web-console-2.2.1/lib/web_console/templates/console.js.erb within layouts/javascript (35.4ms)
  Rendered /Users/kimbielby/.rvm/gems/ruby-2.2.2/gems/web-console-2.2.1/lib/web_console/templates/main.js.erb within layouts/javascript (0.3ms)
  Rendered /Users/kimbielby/.rvm/gems/ruby-2.2.2/gems/web-console-2.2.1/lib/web_console/templates/error_page.js.erb within layouts/javascript (0.3ms)
  Rendered /Users/kimbielby/.rvm/gems/ruby-2.2.2/gems/web-console-2.2.1/lib/web_console/templates/index.html.erb (77.6ms)


Started GET "/index" for ::1 at 2016-04-28 17:12:40 +0200

ActionController::RoutingError (No route matches [GET] "/index"):
  actionpack (4.2.4) lib/action_dispatch/middleware/debug_exceptions.rb:21:in `call'
  web-console (2.2.1) lib/web_console/middleware.rb:39:in `call'
  actionpack (4.2.4) lib/action_dispatch/middleware/show_exceptions.rb:30:in `call'
  railties (4.2.4) lib/rails/rack/logger.rb:38:in `call_app'
  railties (4.2.4) lib/rails/rack/logger.rb:20:in `block in call'
  activesupport (4.2.4) lib/active_support/tagged_logging.rb:68:in `block in tagged'
  activesupport (4.2.4) lib/active_support/tagged_logging.rb:26:in `tagged'
  activesupport (4.2.4) lib/active_support/tagged_logging.rb:68:in `tagged'
  railties (4.2.4) lib/rails/rack/logger.rb:20:in `call'
  actionpack (4.2.4) lib/action_dispatch/middleware/request_id.rb:21:in `call'
  rack (1.6.4) lib/rack/methodoverride.rb:22:in `call'
  rack (1.6.4) lib/rack/runtime.rb:18:in `call'
  activesupport (4.2.4) lib/active_support/cache/strategy/local_cache_middleware.rb:28:in `call'
  rack (1.6.4) lib/rack/lock.rb:17:in `call'
  actionpack (4.2.4) lib/action_dispatch/middleware/static.rb:116:in `call'
  rack (1.6.4) lib/rack/sendfile.rb:113:in `call'
  railties (4.2.4) lib/rails/engine.rb:518:in `call'
  railties (4.2.4) lib/rails/application.rb:165:in `call'
  rack (1.6.4) lib/rack/lock.rb:17:in `call'
  rack (1.6.4) lib/rack/content_length.rb:15:in `call'
  rack (1.6.4) lib/rack/handler/webrick.rb:88:in `service'
  /Users/kimbielby/.rvm/rubies/ruby-2.2.2/lib/ruby/2.2.0/webrick/httpserver.rb:138:in `service'
  /Users/kimbielby/.rvm/rubies/ruby-2.2.2/lib/ruby/2.2.0/webrick/httpserver.rb:94:in `run'
  /Users/kimbielby/.rvm/rubies/ruby-2.2.2/lib/ruby/2.2.0/webrick/server.rb:294:in `block in start_thread'


  Rendered /Users/kimbielby/.rvm/gems/ruby-2.2.2/gems/actionpack-4.2.4/lib/action_dispatch/middleware/templates/rescues/_trace.html.erb (1.2ms)
  Rendered /Users/kimbielby/.rvm/gems/ruby-2.2.2/gems/actionpack-4.2.4/lib/action_dispatch/middleware/templates/routes/_route.html.erb (0.7ms)
  Rendered /Users/kimbielby/.rvm/gems/ruby-2.2.2/gems/actionpack-4.2.4/lib/action_dispatch/middleware/templates/routes/_table.html.erb (1.2ms)
  Rendered /Users/kimbielby/.rvm/gems/ruby-2.2.2/gems/actionpack-4.2.4/lib/action_dispatch/middleware/templates/rescues/_request_and_response.html.erb (1.0ms)
  Rendered /Users/kimbielby/.rvm/gems/ruby-2.2.2/gems/actionpack-4.2.4/lib/action_dispatch/middleware/templates/rescues/routing_error.html.erb within rescues/layout (55.5ms)
  Rendered /Users/kimbielby/.rvm/gems/ruby-2.2.2/gems/web-console-2.2.1/lib/web_console/templates/_markup.html.erb (0.4ms)
  Rendered /Users/kimbielby/.rvm/gems/ruby-2.2.2/gems/web-console-2.2.1/lib/web_console/templates/_inner_console_markup.html.erb within layouts/inlined_string (0.3ms)
  Rendered /Users/kimbielby/.rvm/gems/ruby-2.2.2/gems/web-console-2.2.1/lib/web_console/templates/_prompt_box_markup.html.erb within layouts/inlined_string (0.3ms)
  Rendered /Users/kimbielby/.rvm/gems/ruby-2.2.2/gems/web-console-2.2.1/lib/web_console/templates/style.css.erb within layouts/inlined_string (0.4ms)
  Rendered /Users/kimbielby/.rvm/gems/ruby-2.2.2/gems/web-console-2.2.1/lib/web_console/templates/console.js.erb within layouts/javascript (39.1ms)
  Rendered /Users/kimbielby/.rvm/gems/ruby-2.2.2/gems/web-console-2.2.1/lib/web_console/templates/main.js.erb within layouts/javascript (0.2ms)
  Rendered /Users/kimbielby/.rvm/gems/ruby-2.2.2/gems/web-console-2.2.1/lib/web_console/templates/error_page.js.erb within layouts/javascript (0.4ms)
  Rendered /Users/kimbielby/.rvm/gems/ruby-2.2.2/gems/web-console-2.2.1/lib/web_console/templates/index.html.erb (84.8ms)


Started GET "/pokemon" for ::1 at 2016-04-28 17:13:01 +0200

ActionController::RoutingError (No route matches [GET] "/pokemon"):
  actionpack (4.2.4) lib/action_dispatch/middleware/debug_exceptions.rb:21:in `call'
  web-console (2.2.1) lib/web_console/middleware.rb:39:in `call'
  actionpack (4.2.4) lib/action_dispatch/middleware/show_exceptions.rb:30:in `call'
  railties (4.2.4) lib/rails/rack/logger.rb:38:in `call_app'
  railties (4.2.4) lib/rails/rack/logger.rb:20:in `block in call'
  activesupport (4.2.4) lib/active_support/tagged_logging.rb:68:in `block in tagged'
  activesupport (4.2.4) lib/active_support/tagged_logging.rb:26:in `tagged'
  activesupport (4.2.4) lib/active_support/tagged_logging.rb:68:in `tagged'
  railties (4.2.4) lib/rails/rack/logger.rb:20:in `call'
  actionpack (4.2.4) lib/action_dispatch/middleware/request_id.rb:21:in `call'
  rack (1.6.4) lib/rack/methodoverride.rb:22:in `call'
  rack (1.6.4) lib/rack/runtime.rb:18:in `call'
  activesupport (4.2.4) lib/active_support/cache/strategy/local_cache_middleware.rb:28:in `call'
  rack (1.6.4) lib/rack/lock.rb:17:in `call'
  actionpack (4.2.4) lib/action_dispatch/middleware/static.rb:116:in `call'
  rack (1.6.4) lib/rack/sendfile.rb:113:in `call'
  railties (4.2.4) lib/rails/engine.rb:518:in `call'
  railties (4.2.4) lib/rails/application.rb:165:in `call'
  rack (1.6.4) lib/rack/lock.rb:17:in `call'
  rack (1.6.4) lib/rack/content_length.rb:15:in `call'
  rack (1.6.4) lib/rack/handler/webrick.rb:88:in `service'
  /Users/kimbielby/.rvm/rubies/ruby-2.2.2/lib/ruby/2.2.0/webrick/httpserver.rb:138:in `service'
  /Users/kimbielby/.rvm/rubies/ruby-2.2.2/lib/ruby/2.2.0/webrick/httpserver.rb:94:in `run'
  /Users/kimbielby/.rvm/rubies/ruby-2.2.2/lib/ruby/2.2.0/webrick/server.rb:294:in `block in start_thread'


  Rendered /Users/kimbielby/.rvm/gems/ruby-2.2.2/gems/actionpack-4.2.4/lib/action_dispatch/middleware/templates/rescues/_trace.html.erb (1.8ms)
  Rendered /Users/kimbielby/.rvm/gems/ruby-2.2.2/gems/actionpack-4.2.4/lib/action_dispatch/middleware/templates/routes/_route.html.erb (0.9ms)
  Rendered /Users/kimbielby/.rvm/gems/ruby-2.2.2/gems/actionpack-4.2.4/lib/action_dispatch/middleware/templates/routes/_table.html.erb (1.1ms)
  Rendered /Users/kimbielby/.rvm/gems/ruby-2.2.2/gems/actionpack-4.2.4/lib/action_dispatch/middleware/templates/rescues/_request_and_response.html.erb (1.5ms)
  Rendered /Users/kimbielby/.rvm/gems/ruby-2.2.2/gems/actionpack-4.2.4/lib/action_dispatch/middleware/templates/rescues/routing_error.html.erb within rescues/layout (59.9ms)
  Rendered /Users/kimbielby/.rvm/gems/ruby-2.2.2/gems/web-console-2.2.1/lib/web_console/templates/_markup.html.erb (0.6ms)
  Rendered /Users/kimbielby/.rvm/gems/ruby-2.2.2/gems/web-console-2.2.1/lib/web_console/templates/_inner_console_markup.html.erb within layouts/inlined_string (0.3ms)
  Rendered /Users/kimbielby/.rvm/gems/ruby-2.2.2/gems/web-console-2.2.1/lib/web_console/templates/_prompt_box_markup.html.erb within layouts/inlined_string (0.3ms)
  Rendered /Users/kimbielby/.rvm/gems/ruby-2.2.2/gems/web-console-2.2.1/lib/web_console/templates/style.css.erb within layouts/inlined_string (0.3ms)
  Rendered /Users/kimbielby/.rvm/gems/ruby-2.2.2/gems/web-console-2.2.1/lib/web_console/templates/console.js.erb within layouts/javascript (37.6ms)
  Rendered /Users/kimbielby/.rvm/gems/ruby-2.2.2/gems/web-console-2.2.1/lib/web_console/templates/main.js.erb within layouts/javascript (0.3ms)
  Rendered /Users/kimbielby/.rvm/gems/ruby-2.2.2/gems/web-console-2.2.1/lib/web_console/templates/error_page.js.erb within layouts/javascript (0.4ms)
  Rendered /Users/kimbielby/.rvm/gems/ruby-2.2.2/gems/web-console-2.2.1/lib/web_console/templates/index.html.erb (86.6ms)


Started GET "/" for ::1 at 2016-04-28 17:13:19 +0200
Processing by PokemonController#index as HTML
Completed 500 Internal Server Error in 120074ms (ActiveRecord: 0.0ms)

Net::ReadTimeout (Net::ReadTimeout):
  app/models/pokemon_api.rb:14:in `request'
  app/controllers/pokemon_controller.rb:3:in `index'


  Rendered /Users/kimbielby/.rvm/gems/ruby-2.2.2/gems/actionpack-4.2.4/lib/action_dispatch/middleware/templates/rescues/_source.erb (5.3ms)
  Rendered /Users/kimbielby/.rvm/gems/ruby-2.2.2/gems/actionpack-4.2.4/lib/action_dispatch/middleware/templates/rescues/_trace.html.erb (2.2ms)
  Rendered /Users/kimbielby/.rvm/gems/ruby-2.2.2/gems/actionpack-4.2.4/lib/action_dispatch/middleware/templates/rescues/_request_and_response.html.erb (1.8ms)
  Rendered /Users/kimbielby/.rvm/gems/ruby-2.2.2/gems/actionpack-4.2.4/lib/action_dispatch/middleware/templates/rescues/diagnostics.html.erb within rescues/layout (47.8ms)
  Rendered /Users/kimbielby/.rvm/gems/ruby-2.2.2/gems/web-console-2.2.1/lib/web_console/templates/_markup.html.erb (0.3ms)
  Rendered /Users/kimbielby/.rvm/gems/ruby-2.2.2/gems/web-console-2.2.1/lib/web_console/templates/_inner_console_markup.html.erb within layouts/inlined_string (0.3ms)
  Rendered /Users/kimbielby/.rvm/gems/ruby-2.2.2/gems/web-console-2.2.1/lib/web_console/templates/_prompt_box_markup.html.erb within layouts/inlined_string (0.3ms)
  Rendered /Users/kimbielby/.rvm/gems/ruby-2.2.2/gems/web-console-2.2.1/lib/web_console/templates/style.css.erb within layouts/inlined_string (0.3ms)
  Rendered /Users/kimbielby/.rvm/gems/ruby-2.2.2/gems/web-console-2.2.1/lib/web_console/templates/console.js.erb within layouts/javascript (35.6ms)
  Rendered /Users/kimbielby/.rvm/gems/ruby-2.2.2/gems/web-console-2.2.1/lib/web_console/templates/main.js.erb within layouts/javascript (0.3ms)
  Rendered /Users/kimbielby/.rvm/gems/ruby-2.2.2/gems/web-console-2.2.1/lib/web_console/templates/error_page.js.erb within layouts/javascript (0.4ms)
  Rendered /Users/kimbielby/.rvm/gems/ruby-2.2.2/gems/web-console-2.2.1/lib/web_console/templates/index.html.erb (78.4ms)


Started GET "/pokedex/1" for ::1 at 2016-04-28 17:16:24 +0200

ActionController::RoutingError (No route matches [GET] "/pokedex/1"):
  actionpack (4.2.4) lib/action_dispatch/middleware/debug_exceptions.rb:21:in `call'
  web-console (2.2.1) lib/web_console/middleware.rb:39:in `call'
  actionpack (4.2.4) lib/action_dispatch/middleware/show_exceptions.rb:30:in `call'
  railties (4.2.4) lib/rails/rack/logger.rb:38:in `call_app'
  railties (4.2.4) lib/rails/rack/logger.rb:20:in `block in call'
  activesupport (4.2.4) lib/active_support/tagged_logging.rb:68:in `block in tagged'
  activesupport (4.2.4) lib/active_support/tagged_logging.rb:26:in `tagged'
  activesupport (4.2.4) lib/active_support/tagged_logging.rb:68:in `tagged'
  railties (4.2.4) lib/rails/rack/logger.rb:20:in `call'
  actionpack (4.2.4) lib/action_dispatch/middleware/request_id.rb:21:in `call'
  rack (1.6.4) lib/rack/methodoverride.rb:22:in `call'
  rack (1.6.4) lib/rack/runtime.rb:18:in `call'
  activesupport (4.2.4) lib/active_support/cache/strategy/local_cache_middleware.rb:28:in `call'
  rack (1.6.4) lib/rack/lock.rb:17:in `call'
  actionpack (4.2.4) lib/action_dispatch/middleware/static.rb:116:in `call'
  rack (1.6.4) lib/rack/sendfile.rb:113:in `call'
  railties (4.2.4) lib/rails/engine.rb:518:in `call'
  railties (4.2.4) lib/rails/application.rb:165:in `call'
  rack (1.6.4) lib/rack/lock.rb:17:in `call'
  rack (1.6.4) lib/rack/content_length.rb:15:in `call'
  rack (1.6.4) lib/rack/handler/webrick.rb:88:in `service'
  /Users/kimbielby/.rvm/rubies/ruby-2.2.2/lib/ruby/2.2.0/webrick/httpserver.rb:138:in `service'
  /Users/kimbielby/.rvm/rubies/ruby-2.2.2/lib/ruby/2.2.0/webrick/httpserver.rb:94:in `run'
  /Users/kimbielby/.rvm/rubies/ruby-2.2.2/lib/ruby/2.2.0/webrick/server.rb:294:in `block in start_thread'


  Rendered /Users/kimbielby/.rvm/gems/ruby-2.2.2/gems/actionpack-4.2.4/lib/action_dispatch/middleware/templates/rescues/_trace.html.erb (1.3ms)
  Rendered /Users/kimbielby/.rvm/gems/ruby-2.2.2/gems/actionpack-4.2.4/lib/action_dispatch/middleware/templates/routes/_route.html.erb (1.3ms)
  Rendered /Users/kimbielby/.rvm/gems/ruby-2.2.2/gems/actionpack-4.2.4/lib/action_dispatch/middleware/templates/routes/_table.html.erb (1.5ms)
  Rendered /Users/kimbielby/.rvm/gems/ruby-2.2.2/gems/actionpack-4.2.4/lib/action_dispatch/middleware/templates/rescues/_request_and_response.html.erb (1.0ms)
  Rendered /Users/kimbielby/.rvm/gems/ruby-2.2.2/gems/actionpack-4.2.4/lib/action_dispatch/middleware/templates/rescues/routing_error.html.erb within rescues/layout (65.7ms)
  Rendered /Users/kimbielby/.rvm/gems/ruby-2.2.2/gems/web-console-2.2.1/lib/web_console/templates/_markup.html.erb (0.4ms)
  Rendered /Users/kimbielby/.rvm/gems/ruby-2.2.2/gems/web-console-2.2.1/lib/web_console/templates/_inner_console_markup.html.erb within layouts/inlined_string (0.3ms)
  Rendered /Users/kimbielby/.rvm/gems/ruby-2.2.2/gems/web-console-2.2.1/lib/web_console/templates/_prompt_box_markup.html.erb within layouts/inlined_string (0.3ms)
  Rendered /Users/kimbielby/.rvm/gems/ruby-2.2.2/gems/web-console-2.2.1/lib/web_console/templates/style.css.erb within layouts/inlined_string (0.3ms)
  Rendered /Users/kimbielby/.rvm/gems/ruby-2.2.2/gems/web-console-2.2.1/lib/web_console/templates/console.js.erb within layouts/javascript (36.0ms)
  Rendered /Users/kimbielby/.rvm/gems/ruby-2.2.2/gems/web-console-2.2.1/lib/web_console/templates/main.js.erb within layouts/javascript (0.5ms)
  Rendered /Users/kimbielby/.rvm/gems/ruby-2.2.2/gems/web-console-2.2.1/lib/web_console/templates/error_page.js.erb within layouts/javascript (0.4ms)
  Rendered /Users/kimbielby/.rvm/gems/ruby-2.2.2/gems/web-console-2.2.1/lib/web_console/templates/index.html.erb (92.3ms)


Started GET "/" for ::1 at 2016-04-28 17:41:36 +0200
Processing by PokemonController#index as HTML
Completed 500 Internal Server Error in 120174ms (ActiveRecord: 0.0ms)

Net::ReadTimeout (Net::ReadTimeout):
  app/models/pokemon_api.rb:14:in `request'
  app/controllers/pokemon_controller.rb:3:in `index'


  Rendered /Users/kimbielby/.rvm/gems/ruby-2.2.2/gems/actionpack-4.2.4/lib/action_dispatch/middleware/templates/rescues/_source.erb (4.9ms)
  Rendered /Users/kimbielby/.rvm/gems/ruby-2.2.2/gems/actionpack-4.2.4/lib/action_dispatch/middleware/templates/rescues/_trace.html.erb (2.1ms)
  Rendered /Users/kimbielby/.rvm/gems/ruby-2.2.2/gems/actionpack-4.2.4/lib/action_dispatch/middleware/templates/rescues/_request_and_response.html.erb (10.4ms)
  Rendered /Users/kimbielby/.rvm/gems/ruby-2.2.2/gems/actionpack-4.2.4/lib/action_dispatch/middleware/templates/rescues/diagnostics.html.erb within rescues/layout (57.6ms)
  Rendered /Users/kimbielby/.rvm/gems/ruby-2.2.2/gems/web-console-2.2.1/lib/web_console/templates/_markup.html.erb (0.4ms)
  Rendered /Users/kimbielby/.rvm/gems/ruby-2.2.2/gems/web-console-2.2.1/lib/web_console/templates/_inner_console_markup.html.erb within layouts/inlined_string (0.4ms)
  Rendered /Users/kimbielby/.rvm/gems/ruby-2.2.2/gems/web-console-2.2.1/lib/web_console/templates/_prompt_box_markup.html.erb within layouts/inlined_string (0.3ms)
  Rendered /Users/kimbielby/.rvm/gems/ruby-2.2.2/gems/web-console-2.2.1/lib/web_console/templates/style.css.erb within layouts/inlined_string (0.4ms)
  Rendered /Users/kimbielby/.rvm/gems/ruby-2.2.2/gems/web-console-2.2.1/lib/web_console/templates/console.js.erb within layouts/javascript (52.3ms)
  Rendered /Users/kimbielby/.rvm/gems/ruby-2.2.2/gems/web-console-2.2.1/lib/web_console/templates/main.js.erb within layouts/javascript (0.3ms)
  Rendered /Users/kimbielby/.rvm/gems/ruby-2.2.2/gems/web-console-2.2.1/lib/web_console/templates/error_page.js.erb within layouts/javascript (0.4ms)
  Rendered /Users/kimbielby/.rvm/gems/ruby-2.2.2/gems/web-console-2.2.1/lib/web_console/templates/index.html.erb (109.4ms)


Started GET "/" for ::1 at 2016-04-28 17:43:36 +0200
Processing by PokemonController#index as HTML
Completed   in 5065ms (ActiveRecord: 0.0ms)


Started GET "/" for ::1 at 2016-04-28 17:43:56 +0200
Processing by PokemonController#index as HTML
Completed   in 31187ms (ActiveRecord: 0.0ms)


Started GET "/" for ::1 at 2016-04-28 17:44:55 +0200
Processing by PokemonController#index as HTML
  Rendered pokemon/index.html.erb within layouts/application (5.0ms)
Completed 200 OK in 1946ms (Views: 1081.8ms | ActiveRecord: 0.0ms)


Started GET "/assets/twitter-bootstrap-static/bootstrap.self-77d963462a71b85aa6c39f0110994006fed4301154d937da52eb3884ff813853.css?body=1" for ::1 at 2016-04-28 17:44:57 +0200


Started GET "/assets/twitter-bootstrap-static/fontawesome.self-c1a8821f7eb1b195061d7706930814ecc6bd44db4c68f208da5fe14845fa11ea.css?body=1" for ::1 at 2016-04-28 17:44:57 +0200


Started GET "/assets/bootstrap_and_overrides.self-2cb3834583dfbaf0a39c7139750bf963e05d79cbe811126997e013400be5d8dc.css?body=1" for ::1 at 2016-04-28 17:44:57 +0200


Started GET "/assets/jquery_ujs.self-d456baa54c1fa6be2ec3711f0a72ddf7a5b2f34a6b4f515f33767d6207b7d4b3.js?body=1" for ::1 at 2016-04-28 17:44:57 +0200


Started GET "/assets/pokemon.self-5ead13a8f013ca76e479136021dad119eed075b37b395b540ea499ed894e1a3d.css?body=1" for ::1 at 2016-04-28 17:44:57 +0200


Started GET "/assets/twitter/bootstrap/transition.self-db278e3a8fa6249c16796b113ebd29e11ef4e2cd021618ed84895d524a4511e0.js?body=1" for ::1 at 2016-04-28 17:44:57 +0200


Started GET "/assets/pokemon_api.self-e3b0c44298fc1c149afbf4c8996fb92427ae41e4649b934ca495991b7852b855.css?body=1" for ::1 at 2016-04-28 17:44:57 +0200


Started GET "/assets/twitter/bootstrap/alert.self-ebce91ec66c71bcee451ea7da9128fd1bf8faa02c6d22ea04c598423431e4c08.js?body=1" for ::1 at 2016-04-28 17:44:57 +0200


Started GET "/assets/jquery.self-a714331225dda820228db323939889f149aec0127aeb06255646b616ba1ca419.js?body=1" for ::1 at 2016-04-28 17:44:57 +0200


Started GET "/assets/twitter/bootstrap/modal.self-ab1767545e27c0dbd36971e656ae4927171f673e3d932cdec2cbef39e991952b.js?body=1" for ::1 at 2016-04-28 17:44:57 +0200


Started GET "/assets/twitter/bootstrap/dropdown.self-8bb9309b6c24a4ba6b94026a049d25b13bdc0553b6fe83255c14a715ba624cc4.js?body=1" for ::1 at 2016-04-28 17:44:57 +0200


Started GET "/assets/twitter/bootstrap/scrollspy.self-bd0c6724cdc75302fe98dfeff923112b76c1673cf4a0752a7050b7feea15594c.js?body=1" for ::1 at 2016-04-28 17:44:57 +0200


Started GET "/assets/twitter/bootstrap/tab.self-7e3ee4a243bb416b5f0111a0be08f8547c5d72ba71fe4afe4a4a007f5cb4e10e.js?body=1" for ::1 at 2016-04-28 17:44:57 +0200


Started GET "/assets/twitter/bootstrap/tooltip.self-d7f9330825307d053f68da11bb9ddc9b070df72deef3d115f2f3d55f66b17457.js?body=1" for ::1 at 2016-04-28 17:44:57 +0200


Started GET "/assets/twitter/bootstrap/popover.self-cd672ecad3b549e1dbd89bfd044e5812d6fdade56f42d48e3acee0c3f4614526.js?body=1" for ::1 at 2016-04-28 17:44:57 +0200


Started GET "/assets/twitter/bootstrap/button.self-ceb562de883e04359bb2c06f07bdf6ecf065cc8a5027e2e58857c5e91b0b68e3.js?body=1" for ::1 at 2016-04-28 17:44:57 +0200


Started GET "/assets/twitter/bootstrap/collapse.self-a87553101c955a01e2e8c81fad69a16582ddbf58fe95d5eb335dde5567af7647.js?body=1" for ::1 at 2016-04-28 17:44:57 +0200


Started GET "/assets/twitter/bootstrap/carousel.self-5d09995e01b647168888180d40e271f9a6759d68ae7ac029d7026af58813d376.js?body=1" for ::1 at 2016-04-28 17:44:57 +0200


Started GET "/assets/twitter/bootstrap/affix.self-14e04bbe71282aa039322ab93e3a3a886ddede5f59a2f365f7c861f697bbeb21.js?body=1" for ::1 at 2016-04-28 17:44:57 +0200


Started GET "/assets/twitter/bootstrap.self-fbfa5ad7d9aa0afe439ec4ff3883acc4cb92b62cb67c40d674320c9aa1d4642d.js?body=1" for ::1 at 2016-04-28 17:44:57 +0200


Started GET "/assets/bootstrap.self-5afe7e91ef3675e2be97b8d060a7f3755d6dbc615b76df476df55143da70679f.js?body=1" for ::1 at 2016-04-28 17:44:57 +0200


Started GET "/assets/init.self-15234c2111ae2cfa2f91a3d0877b22872b141cbe6ab75bfd984f553538f6ba18.js?body=1" for ::1 at 2016-04-28 17:44:57 +0200


Started GET "/assets/pokedex.self-c4e1409852ff8b53d761eefcdface16ac08c3744588f4e2e50c64bbcc2b20550.js?body=1" for ::1 at 2016-04-28 17:44:57 +0200


Started GET "/assets/pokemon.self-07a8d6a2ad57178d06416075a45e8d6fe25f76fb3b6a3c47ad9fe797dd407ca6.js?body=1" for ::1 at 2016-04-28 17:44:57 +0200


Started GET "/assets/pokemon2.self-19a187bec6cdb96d6de80a61c16c857c613536adf9138476bd367db38d282635.js?body=1" for ::1 at 2016-04-28 17:44:57 +0200


Started GET "/assets/pokemon_solid-webfont.woff2" for ::1 at 2016-04-28 17:44:57 +0200


Started GET "/api/v1/pokemon/19/" for ::1 at 2016-04-28 17:45:07 +0200
Processing by PokemonApiController#forward as */*
  Parameters: {"uri"=>"pokemon/19"}
Completed 200 OK in 688ms (Views: 0.2ms | ActiveRecord: 0.0ms)


Started GET "/api/v1/pokemon/19/" for ::1 at 2016-04-28 17:45:11 +0200
Processing by PokemonApiController#forward as */*
  Parameters: {"uri"=>"pokemon/19"}
Completed 200 OK in 573ms (Views: 0.1ms | ActiveRecord: 0.0ms)


Started GET "/api/v1/pokemon/11/" for ::1 at 2016-04-28 17:45:16 +0200
Processing by PokemonApiController#forward as */*
  Parameters: {"uri"=>"pokemon/11"}
Completed 200 OK in 554ms (Views: 0.2ms | ActiveRecord: 0.0ms)


Started GET "/" for ::1 at 2016-04-28 17:45:48 +0200
Processing by PokemonController#index as HTML
  Rendered pokemon/index.html.erb within layouts/application (4.9ms)
Completed 200 OK in 1329ms (Views: 541.0ms | ActiveRecord: 0.0ms)


Started GET "/assets/twitter-bootstrap-static/bootstrap.self-77d963462a71b85aa6c39f0110994006fed4301154d937da52eb3884ff813853.css?body=1" for ::1 at 2016-04-28 17:45:49 +0200


Started GET "/assets/twitter-bootstrap-static/fontawesome.self-c1a8821f7eb1b195061d7706930814ecc6bd44db4c68f208da5fe14845fa11ea.css?body=1" for ::1 at 2016-04-28 17:45:49 +0200


Started GET "/assets/bootstrap_and_overrides.self-2cb3834583dfbaf0a39c7139750bf963e05d79cbe811126997e013400be5d8dc.css?body=1" for ::1 at 2016-04-28 17:45:49 +0200


Started GET "/assets/application.self-e80e8f2318043e8af94dddc2adad5a4f09739a8ebb323b3ab31cd71d45fd9113.css?body=1" for ::1 at 2016-04-28 17:45:49 +0200


Started GET "/assets/pokemon_api.self-e3b0c44298fc1c149afbf4c8996fb92427ae41e4649b934ca495991b7852b855.css?body=1" for ::1 at 2016-04-28 17:45:49 +0200


Started GET "/assets/pokemon.self-5ead13a8f013ca76e479136021dad119eed075b37b395b540ea499ed894e1a3d.css?body=1" for ::1 at 2016-04-28 17:45:49 +0200


Started GET "/assets/jquery.self-a714331225dda820228db323939889f149aec0127aeb06255646b616ba1ca419.js?body=1" for ::1 at 2016-04-28 17:45:49 +0200


Started GET "/assets/jquery_ujs.self-d456baa54c1fa6be2ec3711f0a72ddf7a5b2f34a6b4f515f33767d6207b7d4b3.js?body=1" for ::1 at 2016-04-28 17:45:49 +0200


Started GET "/assets/twitter/bootstrap/transition.self-db278e3a8fa6249c16796b113ebd29e11ef4e2cd021618ed84895d524a4511e0.js?body=1" for ::1 at 2016-04-28 17:45:49 +0200


Started GET "/assets/twitter/bootstrap/alert.self-ebce91ec66c71bcee451ea7da9128fd1bf8faa02c6d22ea04c598423431e4c08.js?body=1" for ::1 at 2016-04-28 17:45:49 +0200


Started GET "/assets/twitter/bootstrap/modal.self-ab1767545e27c0dbd36971e656ae4927171f673e3d932cdec2cbef39e991952b.js?body=1" for ::1 at 2016-04-28 17:45:49 +0200


Started GET "/assets/twitter/bootstrap/dropdown.self-8bb9309b6c24a4ba6b94026a049d25b13bdc0553b6fe83255c14a715ba624cc4.js?body=1" for ::1 at 2016-04-28 17:45:49 +0200


Started GET "/assets/twitter/bootstrap/scrollspy.self-bd0c6724cdc75302fe98dfeff923112b76c1673cf4a0752a7050b7feea15594c.js?body=1" for ::1 at 2016-04-28 17:45:49 +0200


Started GET "/assets/twitter/bootstrap/tab.self-7e3ee4a243bb416b5f0111a0be08f8547c5d72ba71fe4afe4a4a007f5cb4e10e.js?body=1" for ::1 at 2016-04-28 17:45:49 +0200


Started GET "/assets/twitter/bootstrap/tooltip.self-d7f9330825307d053f68da11bb9ddc9b070df72deef3d115f2f3d55f66b17457.js?body=1" for ::1 at 2016-04-28 17:45:49 +0200


Started GET "/assets/twitter/bootstrap/popover.self-cd672ecad3b549e1dbd89bfd044e5812d6fdade56f42d48e3acee0c3f4614526.js?body=1" for ::1 at 2016-04-28 17:45:49 +0200


Started GET "/assets/twitter/bootstrap/button.self-ceb562de883e04359bb2c06f07bdf6ecf065cc8a5027e2e58857c5e91b0b68e3.js?body=1" for ::1 at 2016-04-28 17:45:49 +0200


Started GET "/assets/twitter/bootstrap/collapse.self-a87553101c955a01e2e8c81fad69a16582ddbf58fe95d5eb335dde5567af7647.js?body=1" for ::1 at 2016-04-28 17:45:49 +0200


Started GET "/assets/twitter/bootstrap/carousel.self-5d09995e01b647168888180d40e271f9a6759d68ae7ac029d7026af58813d376.js?body=1" for ::1 at 2016-04-28 17:45:49 +0200


Started GET "/assets/twitter/bootstrap/affix.self-14e04bbe71282aa039322ab93e3a3a886ddede5f59a2f365f7c861f697bbeb21.js?body=1" for ::1 at 2016-04-28 17:45:49 +0200


Started GET "/assets/twitter/bootstrap.self-fbfa5ad7d9aa0afe439ec4ff3883acc4cb92b62cb67c40d674320c9aa1d4642d.js?body=1" for ::1 at 2016-04-28 17:45:49 +0200


Started GET "/assets/init.self-15234c2111ae2cfa2f91a3d0877b22872b141cbe6ab75bfd984f553538f6ba18.js?body=1" for ::1 at 2016-04-28 17:45:49 +0200


Started GET "/assets/bootstrap.self-5afe7e91ef3675e2be97b8d060a7f3755d6dbc615b76df476df55143da70679f.js?body=1" for ::1 at 2016-04-28 17:45:49 +0200


Started GET "/assets/pokedex.self-46ce6573d41b8af1afe549e348425082f190653b6c42191abbd82856ffae704c.js?body=1" for ::1 at 2016-04-28 17:45:49 +0200


Started GET "/assets/pokemon.self-07a8d6a2ad57178d06416075a45e8d6fe25f76fb3b6a3c47ad9fe797dd407ca6.js?body=1" for ::1 at 2016-04-28 17:45:49 +0200


Started GET "/assets/pokemon2.self-19a187bec6cdb96d6de80a61c16c857c613536adf9138476bd367db38d282635.js?body=1" for ::1 at 2016-04-28 17:45:49 +0200


Started GET "/assets/application.self-3b8dabdc891efe46b9a144b400ad69e37d7e5876bdc39dee783419a69d7ca819.js?body=1" for ::1 at 2016-04-28 17:45:49 +0200


Started GET "/api/v1/pokemon/19/" for ::1 at 2016-04-28 17:45:56 +0200
Processing by PokemonApiController#forward as */*
  Parameters: {"uri"=>"pokemon/19"}
Completed 200 OK in 656ms (Views: 0.2ms | ActiveRecord: 0.0ms)


Started GET "/api/v1/pokemon/19/" for ::1 at 2016-04-28 17:45:57 +0200
Processing by PokemonApiController#forward as */*
  Parameters: {"uri"=>"pokemon/19"}
Completed 200 OK in 561ms (Views: 0.1ms | ActiveRecord: 0.0ms)


Started GET "/api/v1/pokemon/19/" for ::1 at 2016-04-28 17:46:00 +0200
Processing by PokemonApiController#forward as */*
  Parameters: {"uri"=>"pokemon/19"}
Completed 200 OK in 440ms (Views: 0.1ms | ActiveRecord: 0.0ms)


Started GET "/api/v1/pokemon/19/" for ::1 at 2016-04-28 17:46:01 +0200
Processing by PokemonApiController#forward as */*
  Parameters: {"uri"=>"pokemon/19"}
Completed 200 OK in 580ms (Views: 0.3ms | ActiveRecord: 0.0ms)


Started GET "/" for ::1 at 2016-04-28 17:46:15 +0200
Processing by PokemonController#index as HTML
  Rendered pokemon/index.html.erb within layouts/application (4.1ms)
Completed 200 OK in 1162ms (Views: 278.8ms | ActiveRecord: 0.0ms)


Started GET "/assets/bootstrap_and_overrides.self-2cb3834583dfbaf0a39c7139750bf963e05d79cbe811126997e013400be5d8dc.css?body=1" for ::1 at 2016-04-28 17:46:16 +0200


Started GET "/assets/twitter-bootstrap-static/bootstrap.self-77d963462a71b85aa6c39f0110994006fed4301154d937da52eb3884ff813853.css?body=1" for ::1 at 2016-04-28 17:46:16 +0200


Started GET "/assets/pokemon_api.self-e3b0c44298fc1c149afbf4c8996fb92427ae41e4649b934ca495991b7852b855.css?body=1" for ::1 at 2016-04-28 17:46:16 +0200


Started GET "/assets/twitter-bootstrap-static/fontawesome.self-c1a8821f7eb1b195061d7706930814ecc6bd44db4c68f208da5fe14845fa11ea.css?body=1" for ::1 at 2016-04-28 17:46:16 +0200


Started GET "/assets/pokemon.self-5ead13a8f013ca76e479136021dad119eed075b37b395b540ea499ed894e1a3d.css?body=1" for ::1 at 2016-04-28 17:46:16 +0200


Started GET "/assets/application.self-e80e8f2318043e8af94dddc2adad5a4f09739a8ebb323b3ab31cd71d45fd9113.css?body=1" for ::1 at 2016-04-28 17:46:16 +0200


Started GET "/assets/jquery.self-a714331225dda820228db323939889f149aec0127aeb06255646b616ba1ca419.js?body=1" for ::1 at 2016-04-28 17:46:16 +0200


Started GET "/assets/jquery_ujs.self-d456baa54c1fa6be2ec3711f0a72ddf7a5b2f34a6b4f515f33767d6207b7d4b3.js?body=1" for ::1 at 2016-04-28 17:46:16 +0200


Started GET "/assets/twitter/bootstrap/transition.self-db278e3a8fa6249c16796b113ebd29e11ef4e2cd021618ed84895d524a4511e0.js?body=1" for ::1 at 2016-04-28 17:46:16 +0200


Started GET "/assets/twitter/bootstrap/alert.self-ebce91ec66c71bcee451ea7da9128fd1bf8faa02c6d22ea04c598423431e4c08.js?body=1" for ::1 at 2016-04-28 17:46:16 +0200


Started GET "/assets/twitter/bootstrap/modal.self-ab1767545e27c0dbd36971e656ae4927171f673e3d932cdec2cbef39e991952b.js?body=1" for ::1 at 2016-04-28 17:46:16 +0200


Started GET "/assets/twitter/bootstrap/dropdown.self-8bb9309b6c24a4ba6b94026a049d25b13bdc0553b6fe83255c14a715ba624cc4.js?body=1" for ::1 at 2016-04-28 17:46:16 +0200


Started GET "/assets/twitter/bootstrap/scrollspy.self-bd0c6724cdc75302fe98dfeff923112b76c1673cf4a0752a7050b7feea15594c.js?body=1" for ::1 at 2016-04-28 17:46:16 +0200


Started GET "/assets/twitter/bootstrap/tab.self-7e3ee4a243bb416b5f0111a0be08f8547c5d72ba71fe4afe4a4a007f5cb4e10e.js?body=1" for ::1 at 2016-04-28 17:46:16 +0200


Started GET "/assets/twitter/bootstrap/tooltip.self-d7f9330825307d053f68da11bb9ddc9b070df72deef3d115f2f3d55f66b17457.js?body=1" for ::1 at 2016-04-28 17:46:16 +0200


Started GET "/assets/twitter/bootstrap/popover.self-cd672ecad3b549e1dbd89bfd044e5812d6fdade56f42d48e3acee0c3f4614526.js?body=1" for ::1 at 2016-04-28 17:46:16 +0200


Started GET "/assets/twitter/bootstrap/button.self-ceb562de883e04359bb2c06f07bdf6ecf065cc8a5027e2e58857c5e91b0b68e3.js?body=1" for ::1 at 2016-04-28 17:46:16 +0200


Started GET "/assets/twitter/bootstrap/collapse.self-a87553101c955a01e2e8c81fad69a16582ddbf58fe95d5eb335dde5567af7647.js?body=1" for ::1 at 2016-04-28 17:46:16 +0200


Started GET "/assets/twitter/bootstrap/carousel.self-5d09995e01b647168888180d40e271f9a6759d68ae7ac029d7026af58813d376.js?body=1" for ::1 at 2016-04-28 17:46:16 +0200


Started GET "/assets/twitter/bootstrap/affix.self-14e04bbe71282aa039322ab93e3a3a886ddede5f59a2f365f7c861f697bbeb21.js?body=1" for ::1 at 2016-04-28 17:46:16 +0200


Started GET "/assets/twitter/bootstrap.self-fbfa5ad7d9aa0afe439ec4ff3883acc4cb92b62cb67c40d674320c9aa1d4642d.js?body=1" for ::1 at 2016-04-28 17:46:16 +0200


Started GET "/assets/pokedex.self-320111da7b48624febc1ac84095deb6674a90bfd2a94707079b2d837fe23596e.js?body=1" for ::1 at 2016-04-28 17:46:16 +0200


Started GET "/assets/bootstrap.self-5afe7e91ef3675e2be97b8d060a7f3755d6dbc615b76df476df55143da70679f.js?body=1" for ::1 at 2016-04-28 17:46:16 +0200


Started GET "/assets/init.self-15234c2111ae2cfa2f91a3d0877b22872b141cbe6ab75bfd984f553538f6ba18.js?body=1" for ::1 at 2016-04-28 17:46:16 +0200


Started GET "/assets/pokemon.self-07a8d6a2ad57178d06416075a45e8d6fe25f76fb3b6a3c47ad9fe797dd407ca6.js?body=1" for ::1 at 2016-04-28 17:46:16 +0200


Started GET "/assets/pokemon2.self-19a187bec6cdb96d6de80a61c16c857c613536adf9138476bd367db38d282635.js?body=1" for ::1 at 2016-04-28 17:46:16 +0200


Started GET "/assets/application.self-3b8dabdc891efe46b9a144b400ad69e37d7e5876bdc39dee783419a69d7ca819.js?body=1" for ::1 at 2016-04-28 17:46:16 +0200


Started GET "/api/v1/pokemon/19/" for ::1 at 2016-04-28 17:46:19 +0200
Processing by PokemonApiController#forward as */*
  Parameters: {"uri"=>"pokemon/19"}
Completed 200 OK in 553ms (Views: 0.2ms | ActiveRecord: 0.0ms)


Started GET "/api/v1/pokemon/19/" for ::1 at 2016-04-28 17:46:19 +0200
Processing by PokemonApiController#forward as */*
  Parameters: {"uri"=>"pokemon/19"}
Completed 200 OK in 401ms (Views: 0.1ms | ActiveRecord: 0.0ms)
